<?xml version="1.0" encoding="UTF-8"?>
<!-- Generated by org.testng.reporters.JUnitXMLReporter -->
<testsuite hostname="DESKTOP-S4Q7RUE" ignored="4" name="Default test" tests="1" failures="1" timestamp="14 Nov 2019 00:31:50 GMT" time="28.133" errors="0">
  <testcase name="testDisplayOfPrimeEnabledItems" time="8.369" classname="com.jio.qa.ui.homepage.HomePageTest">
    <failure type="java.lang.AssertionError" message="1 non-prime Items are displayed expected [false] but found [true]">
      <![CDATA[java.lang.AssertionError: 1 non-prime Items are displayed expected [false] but found [true]
at org.testng.Assert.fail(Assert.java:96)
at org.testng.Assert.failNotEquals(Assert.java:776)
at org.testng.Assert.assertFalse(Assert.java:65)
at com.jio.qa.base.homepage.HomePageBaseTest.addPrimeFilterAndVerify(HomePageBaseTest.java:92)
at com.jio.qa.ui.homepage.HomePageTest.testDisplayOfPrimeEnabledItems(HomePageTest.java:46)
at sun.reflect.NativeMethodAccessorImpl.invoke0(Native Method)
at sun.reflect.NativeMethodAccessorImpl.invoke(NativeMethodAccessorImpl.java:62)
at sun.reflect.DelegatingMethodAccessorImpl.invoke(DelegatingMethodAccessorImpl.java:43)
at java.lang.reflect.Method.invoke(Method.java:498)
at org.testng.internal.MethodInvocationHelper.invokeMethod(MethodInvocationHelper.java:124)
at org.testng.internal.Invoker.invokeMethod(Invoker.java:583)
at org.testng.internal.Invoker.invokeTestMethod(Invoker.java:719)
at org.testng.internal.Invoker.invokeTestMethods(Invoker.java:989)
at org.testng.internal.TestMethodWorker.invokeTestMethods(TestMethodWorker.java:125)
at org.testng.internal.TestMethodWorker.run(TestMethodWorker.java:109)
at org.testng.TestRunner.privateRun(TestRunner.java:648)
at org.testng.TestRunner.run(TestRunner.java:505)
at org.testng.SuiteRunner.runTest(SuiteRunner.java:455)
at org.testng.SuiteRunner.runSequentially(SuiteRunner.java:450)
at org.testng.SuiteRunner.privateRun(SuiteRunner.java:415)
at org.testng.SuiteRunner.run(SuiteRunner.java:364)
at org.testng.SuiteRunnerWorker.runSuite(SuiteRunnerWorker.java:52)
at org.testng.SuiteRunnerWorker.run(SuiteRunnerWorker.java:84)
at org.testng.TestNG.runSuitesSequentially(TestNG.java:1208)
at org.testng.TestNG.runSuitesLocally(TestNG.java:1137)
at org.testng.TestNG.runSuites(TestNG.java:1049)
at org.testng.TestNG.run(TestNG.java:1017)
at org.testng.remote.AbstractRemoteTestNG.run(AbstractRemoteTestNG.java:115)
at org.testng.remote.RemoteTestNG.initAndRun(RemoteTestNG.java:251)
at org.testng.remote.RemoteTestNG.main(RemoteTestNG.java:77)
]]>
    </failure>
  </testcase> <!-- testDisplayOfPrimeEnabledItems -->
  <testcase name="testSearchProductOnWebsite" time="0.0" classname="com.jio.qa.ui.homepage.HomePageTest">
    <ignored/>
  </testcase> <!-- testSearchProductOnWebsite -->
  <testcase name="testLowToHighPriceFilter" time="0.0" classname="com.jio.qa.ui.homepage.HomePageTest">
    <ignored/>
  </testcase> <!-- testLowToHighPriceFilter -->
  <testcase name="testGetAllAmazonCategories" time="0.0" classname="com.jio.qa.ui.homepage.HomePageTest">
    <ignored/>
  </testcase> <!-- testGetAllAmazonCategories -->
  <testcase name="testAddTwoLineItemsToCartAndVerify" time="0.0" classname="com.jio.qa.ui.homepage.HomePageTest">
    <ignored/>
  </testcase> <!-- testAddTwoLineItemsToCartAndVerify -->
</testsuite> <!-- Default test -->
