<?xml version="1.0" encoding="UTF-8"?>
<testng-results skipped="0" failed="2" ignored="0" total="5" passed="3">
  <reporter-output>
  </reporter-output>
  <suite name="JIO Automation Suite" duration-ms="139934" started-at="2019-11-14T08:03:12Z" finished-at="2019-11-14T08:05:32Z">
    <groups>
    </groups>
    <test name="Amazon WebSite Test" duration-ms="139934" started-at="2019-11-14T08:03:12Z" finished-at="2019-11-14T08:05:32Z">
      <class name="com.jio.qa.ui.homepage.HomePageTest">
        <test-method status="PASS" signature="deleteExistingReport()[pri:0, instance:com.jio.qa.ui.homepage.HomePageTest@5bda80bf]" name="deleteExistingReport" is-config="true" duration-ms="64" started-at="2019-11-14T08:03:12Z" finished-at="2019-11-14T08:03:12Z">
          <reporter-output>
          </reporter-output>
        </test-method> <!-- deleteExistingReport -->
        <test-method status="PASS" signature="setUp()[pri:0, instance:com.jio.qa.ui.homepage.HomePageTest@5bda80bf]" name="setUp" is-config="true" duration-ms="15615" started-at="2019-11-14T08:03:12Z" finished-at="2019-11-14T08:03:28Z">
          <reporter-output>
          </reporter-output>
        </test-method> <!-- setUp -->
        <test-method status="PASS" signature="testGetAllAmazonCategories()[pri:1, instance:com.jio.qa.ui.homepage.HomePageTest@5bda80bf]" name="testGetAllAmazonCategories" duration-ms="2202" started-at="2019-11-14T08:03:29Z" finished-at="2019-11-14T08:03:31Z">
          <reporter-output>
          </reporter-output>
        </test-method> <!-- testGetAllAmazonCategories -->
        <test-method status="PASS" signature="tearDown()[pri:0, instance:com.jio.qa.ui.homepage.HomePageTest@5bda80bf]" name="tearDown" is-config="true" duration-ms="4116" started-at="2019-11-14T08:03:31Z" finished-at="2019-11-14T08:03:35Z">
          <reporter-output>
          </reporter-output>
        </test-method> <!-- tearDown -->
        <test-method status="PASS" signature="setUp()[pri:0, instance:com.jio.qa.ui.homepage.HomePageTest@5bda80bf]" name="setUp" is-config="true" duration-ms="13830" started-at="2019-11-14T08:03:35Z" finished-at="2019-11-14T08:03:49Z">
          <reporter-output>
          </reporter-output>
        </test-method> <!-- setUp -->
        <test-method status="PASS" signature="testSearchProductOnWebsite()[pri:2, instance:com.jio.qa.ui.homepage.HomePageTest@5bda80bf]" name="testSearchProductOnWebsite" duration-ms="4093" started-at="2019-11-14T08:03:49Z" finished-at="2019-11-14T08:03:53Z">
          <reporter-output>
          </reporter-output>
        </test-method> <!-- testSearchProductOnWebsite -->
        <test-method status="PASS" signature="tearDown()[pri:0, instance:com.jio.qa.ui.homepage.HomePageTest@5bda80bf]" name="tearDown" is-config="true" duration-ms="4114" started-at="2019-11-14T08:03:53Z" finished-at="2019-11-14T08:03:57Z">
          <reporter-output>
          </reporter-output>
        </test-method> <!-- tearDown -->
        <test-method status="PASS" signature="setUp()[pri:0, instance:com.jio.qa.ui.homepage.HomePageTest@5bda80bf]" name="setUp" is-config="true" duration-ms="13043" started-at="2019-11-14T08:03:57Z" finished-at="2019-11-14T08:04:10Z">
          <reporter-output>
          </reporter-output>
        </test-method> <!-- setUp -->
        <test-method status="FAIL" signature="testLowToHighPriceFilter()[pri:3, instance:com.jio.qa.ui.homepage.HomePageTest@5bda80bf]" name="testLowToHighPriceFilter" duration-ms="9685" started-at="2019-11-14T08:04:11Z" finished-at="2019-11-14T08:04:20Z">
          <exception class="java.lang.AssertionError">
            <message>
              <![CDATA[Product Price is not displayed in ascending order after applying Low to High Price Filter expected [true] but found [false]]]>
            </message>
            <full-stacktrace>
              <![CDATA[java.lang.AssertionError: Product Price is not displayed in ascending order after applying Low to High Price Filter expected [true] but found [false]
at org.testng.Assert.fail(Assert.java:96)
at org.testng.Assert.failNotEquals(Assert.java:776)
at org.testng.Assert.assertTrue(Assert.java:44)
at com.jio.qa.base.homepage.HomePageBaseTest.sortLowToHighMethod(HomePageBaseTest.java:57)
at com.jio.qa.ui.homepage.HomePageTest.testLowToHighPriceFilter(HomePageTest.java:36)
at sun.reflect.NativeMethodAccessorImpl.invoke0(Native Method)
at sun.reflect.NativeMethodAccessorImpl.invoke(NativeMethodAccessorImpl.java:62)
at sun.reflect.DelegatingMethodAccessorImpl.invoke(DelegatingMethodAccessorImpl.java:43)
at java.lang.reflect.Method.invoke(Method.java:498)
at org.testng.internal.MethodInvocationHelper.invokeMethod(MethodInvocationHelper.java:124)
at org.testng.internal.Invoker.invokeMethod(Invoker.java:583)
at org.testng.internal.Invoker.invokeTestMethod(Invoker.java:719)
at org.testng.internal.Invoker.invokeTestMethods(Invoker.java:989)
at org.testng.internal.TestMethodWorker.invokeTestMethods(TestMethodWorker.java:125)
at org.testng.internal.TestMethodWorker.run(TestMethodWorker.java:109)
at org.testng.TestRunner.privateRun(TestRunner.java:648)
at org.testng.TestRunner.run(TestRunner.java:505)
at org.testng.SuiteRunner.runTest(SuiteRunner.java:455)
at org.testng.SuiteRunner.runSequentially(SuiteRunner.java:450)
at org.testng.SuiteRunner.privateRun(SuiteRunner.java:415)
at org.testng.SuiteRunner.run(SuiteRunner.java:364)
at org.testng.SuiteRunnerWorker.runSuite(SuiteRunnerWorker.java:52)
at org.testng.SuiteRunnerWorker.run(SuiteRunnerWorker.java:84)
at org.testng.TestNG.runSuitesSequentially(TestNG.java:1208)
at org.testng.TestNG.runSuitesLocally(TestNG.java:1137)
at org.testng.TestNG.runSuites(TestNG.java:1049)
at org.testng.TestNG.run(TestNG.java:1017)
at org.testng.remote.AbstractRemoteTestNG.run(AbstractRemoteTestNG.java:115)
at org.testng.remote.RemoteTestNG.initAndRun(RemoteTestNG.java:251)
at org.testng.remote.RemoteTestNG.main(RemoteTestNG.java:77)
]]>
            </full-stacktrace>
          </exception> <!-- java.lang.AssertionError -->
          <reporter-output>
          </reporter-output>
        </test-method> <!-- testLowToHighPriceFilter -->
        <test-method status="PASS" signature="tearDown()[pri:0, instance:com.jio.qa.ui.homepage.HomePageTest@5bda80bf]" name="tearDown" is-config="true" duration-ms="4147" started-at="2019-11-14T08:04:21Z" finished-at="2019-11-14T08:04:25Z">
          <reporter-output>
          </reporter-output>
        </test-method> <!-- tearDown -->
        <test-method status="PASS" signature="setUp()[pri:0, instance:com.jio.qa.ui.homepage.HomePageTest@5bda80bf]" name="setUp" is-config="true" duration-ms="15495" started-at="2019-11-14T08:04:25Z" finished-at="2019-11-14T08:04:41Z">
          <reporter-output>
          </reporter-output>
        </test-method> <!-- setUp -->
        <test-method status="PASS" signature="testAddTwoLineItemsToCartAndVerify()[pri:4, instance:com.jio.qa.ui.homepage.HomePageTest@5bda80bf]" name="testAddTwoLineItemsToCartAndVerify" duration-ms="29020" started-at="2019-11-14T08:04:41Z" finished-at="2019-11-14T08:05:10Z">
          <reporter-output>
          </reporter-output>
        </test-method> <!-- testAddTwoLineItemsToCartAndVerify -->
        <test-method status="PASS" signature="tearDown()[pri:0, instance:com.jio.qa.ui.homepage.HomePageTest@5bda80bf]" name="tearDown" is-config="true" duration-ms="68" started-at="2019-11-14T08:05:10Z" finished-at="2019-11-14T08:05:10Z">
          <reporter-output>
          </reporter-output>
        </test-method> <!-- tearDown -->
        <test-method status="PASS" signature="setUp()[pri:0, instance:com.jio.qa.ui.homepage.HomePageTest@5bda80bf]" name="setUp" is-config="true" duration-ms="13550" started-at="2019-11-14T08:05:10Z" finished-at="2019-11-14T08:05:23Z">
          <reporter-output>
          </reporter-output>
        </test-method> <!-- setUp -->
        <test-method status="FAIL" signature="testDisplayOfPrimeEnabledItems()[pri:5, instance:com.jio.qa.ui.homepage.HomePageTest@5bda80bf]" name="testDisplayOfPrimeEnabledItems" duration-ms="7266" started-at="2019-11-14T08:05:23Z" finished-at="2019-11-14T08:05:31Z">
          <exception class="java.lang.AssertionError">
            <message>
              <![CDATA[1 non-prime Item(s) are displayed on UI expected [false] but found [true]]]>
            </message>
            <full-stacktrace>
              <![CDATA[java.lang.AssertionError: 1 non-prime Item(s) are displayed on UI expected [false] but found [true]
at org.testng.Assert.fail(Assert.java:96)
at org.testng.Assert.failNotEquals(Assert.java:776)
at org.testng.Assert.assertFalse(Assert.java:65)
at com.jio.qa.base.homepage.HomePageBaseTest.addPrimeFilterAndVerify(HomePageBaseTest.java:90)
at com.jio.qa.ui.homepage.HomePageTest.testDisplayOfPrimeEnabledItems(HomePageTest.java:46)
at sun.reflect.NativeMethodAccessorImpl.invoke0(Native Method)
at sun.reflect.NativeMethodAccessorImpl.invoke(NativeMethodAccessorImpl.java:62)
at sun.reflect.DelegatingMethodAccessorImpl.invoke(DelegatingMethodAccessorImpl.java:43)
at java.lang.reflect.Method.invoke(Method.java:498)
at org.testng.internal.MethodInvocationHelper.invokeMethod(MethodInvocationHelper.java:124)
at org.testng.internal.Invoker.invokeMethod(Invoker.java:583)
at org.testng.internal.Invoker.invokeTestMethod(Invoker.java:719)
at org.testng.internal.Invoker.invokeTestMethods(Invoker.java:989)
at org.testng.internal.TestMethodWorker.invokeTestMethods(TestMethodWorker.java:125)
at org.testng.internal.TestMethodWorker.run(TestMethodWorker.java:109)
at org.testng.TestRunner.privateRun(TestRunner.java:648)
at org.testng.TestRunner.run(TestRunner.java:505)
at org.testng.SuiteRunner.runTest(SuiteRunner.java:455)
at org.testng.SuiteRunner.runSequentially(SuiteRunner.java:450)
at org.testng.SuiteRunner.privateRun(SuiteRunner.java:415)
at org.testng.SuiteRunner.run(SuiteRunner.java:364)
at org.testng.SuiteRunnerWorker.runSuite(SuiteRunnerWorker.java:52)
at org.testng.SuiteRunnerWorker.run(SuiteRunnerWorker.java:84)
at org.testng.TestNG.runSuitesSequentially(TestNG.java:1208)
at org.testng.TestNG.runSuitesLocally(TestNG.java:1137)
at org.testng.TestNG.runSuites(TestNG.java:1049)
at org.testng.TestNG.run(TestNG.java:1017)
at org.testng.remote.AbstractRemoteTestNG.run(AbstractRemoteTestNG.java:115)
at org.testng.remote.RemoteTestNG.initAndRun(RemoteTestNG.java:251)
at org.testng.remote.RemoteTestNG.main(RemoteTestNG.java:77)
]]>
            </full-stacktrace>
          </exception> <!-- java.lang.AssertionError -->
          <reporter-output>
          </reporter-output>
        </test-method> <!-- testDisplayOfPrimeEnabledItems -->
        <test-method status="PASS" signature="tearDown()[pri:0, instance:com.jio.qa.ui.homepage.HomePageTest@5bda80bf]" name="tearDown" is-config="true" duration-ms="396" started-at="2019-11-14T08:05:31Z" finished-at="2019-11-14T08:05:32Z">
          <reporter-output>
          </reporter-output>
        </test-method> <!-- tearDown -->
        <test-method status="PASS" signature="afterSuiteMethod()[pri:0, instance:com.jio.qa.ui.homepage.HomePageTest@5bda80bf]" name="afterSuiteMethod" is-config="true" duration-ms="519" started-at="2019-11-14T08:05:33Z" finished-at="2019-11-14T08:05:33Z">
          <reporter-output>
          </reporter-output>
        </test-method> <!-- afterSuiteMethod -->
      </class> <!-- com.jio.qa.ui.homepage.HomePageTest -->
    </test> <!-- Amazon WebSite Test -->
  </suite> <!-- JIO Automation Suite -->
</testng-results>
